2019-05-20 12:18:12:873ms INFO  GenericMemRepositoryImpl: CustomerRepositoryImpl started.
2019-05-20 12:18:12:878ms INFO  GenericMemRepositoryImpl: ArticleRepositoryImpl started.
2019-05-20 12:18:23:772ms INFO  GenericMemRepositoryImpl: ==> updated(C.WKZHCL)
2019-05-20 12:18:50:758ms INFO  GenericMemRepositoryImpl: ==> created(C.V34RVB)
2019-05-20 12:19:01:538ms INFO  GenericMemRepositoryImpl: ArticleRepositoryImpl stopped.
2019-05-20 12:19:01:538ms INFO  GenericMemRepositoryImpl: CustomerRepositoryImpl stopped.
2019-05-20 13:33:39:644ms INFO  GenericMemRepositoryImpl: CustomerRepositoryImpl started.
2019-05-20 13:33:39:649ms INFO  GenericMemRepositoryImpl: ArticleRepositoryImpl started.
2019-05-20 14:17:16:902ms INFO  GenericMemRepositoryImpl: ==> created(C.MBF8Y0)
2019-05-20 14:17:33:352ms INFO  GenericMemRepositoryImpl: ==> updated(C.MBF8Y0)
2019-05-20 17:05:04:775ms INFO  GenericMemRepositoryImpl: ArticleRepositoryImpl stopped.
2019-05-20 17:05:04:777ms INFO  GenericMemRepositoryImpl: CustomerRepositoryImpl stopped.
2019-05-23 15:08:25:659ms INFO  GenericMemRepositoryImpl: CustomerRepositoryImpl started.
2019-05-23 15:08:25:664ms INFO  GenericMemRepositoryImpl: ArticleRepositoryImpl started.
2019-05-23 15:08:25:665ms INFO  GenericMemRepositoryImpl: ReservationRepositoryImpl started.
2019-05-23 15:09:09:533ms INFO  GenericMemRepositoryImpl: ==> deleted(R.2LQUPQ)
2019-05-23 15:09:24:801ms INFO  GenericMemRepositoryImpl: ArticleRepositoryImpl stopped.
2019-05-23 15:09:24:803ms INFO  GenericMemRepositoryImpl: CustomerRepositoryImpl stopped.
2019-05-23 15:09:24:803ms INFO  GenericMemRepositoryImpl: ReservationRepositoryImpl stopped.
2019-05-23 15:09:58:379ms INFO  GenericMemRepositoryImpl: CustomerRepositoryImpl started.
2019-05-23 15:09:58:383ms INFO  GenericMemRepositoryImpl: ArticleRepositoryImpl started.
2019-05-23 15:09:58:384ms INFO  GenericMemRepositoryImpl: ReservationRepositoryImpl started.
2019-05-23 15:15:04:573ms INFO  GenericMemRepositoryImpl: ==> updated(R.FFHKGN)
2019-05-23 15:15:15:290ms INFO  GenericMemRepositoryImpl: ==> updated(R.FFHKGN)
2019-05-23 15:15:33:101ms INFO  GenericMemRepositoryImpl: ==> updated(R.FFHKGN)
2019-05-23 15:15:52:052ms INFO  GenericMemRepositoryImpl: ==> deleted(R.FFHKGN)
2019-05-23 15:15:58:858ms INFO  GenericMemRepositoryImpl: ArticleRepositoryImpl stopped.
2019-05-23 15:15:58:858ms INFO  GenericMemRepositoryImpl: CustomerRepositoryImpl stopped.
2019-05-23 15:15:58:858ms INFO  GenericMemRepositoryImpl: ReservationRepositoryImpl stopped.
2019-05-23 15:23:23:703ms INFO  GenericMemRepositoryImpl: CustomerRepositoryImpl started.
2019-05-23 15:23:23:707ms INFO  GenericMemRepositoryImpl: ArticleRepositoryImpl started.
2019-05-23 15:23:23:708ms INFO  GenericMemRepositoryImpl: ReservationRepositoryImpl started.
2019-05-23 15:29:49:714ms INFO  GenericMemRepositoryImpl: CustomerRepositoryImpl started.
2019-05-23 15:29:49:722ms INFO  GenericMemRepositoryImpl: ArticleRepositoryImpl started.
2019-05-23 15:29:49:727ms INFO  GenericMemRepositoryImpl: ReservationRepositoryImpl started.
2019-05-23 15:34:09:219ms INFO  GenericMemRepositoryImpl: CustomerRepositoryImpl started.
2019-05-23 15:34:09:223ms INFO  GenericMemRepositoryImpl: ArticleRepositoryImpl started.
2019-05-23 15:34:09:224ms INFO  GenericMemRepositoryImpl: ReservationRepositoryImpl started.
2019-05-23 15:36:11:285ms INFO  GenericMemRepositoryImpl: CustomerRepositoryImpl started.
2019-05-23 15:36:11:291ms INFO  GenericMemRepositoryImpl: ArticleRepositoryImpl started.
2019-05-23 15:36:11:291ms INFO  GenericMemRepositoryImpl: ReservationRepositoryImpl started.
2019-05-23 15:39:54:128ms INFO  GenericMemRepositoryImpl: CustomerRepositoryImpl started.
2019-05-23 15:39:54:133ms INFO  GenericMemRepositoryImpl: ArticleRepositoryImpl started.
2019-05-23 15:39:54:134ms INFO  GenericMemRepositoryImpl: ReservationRepositoryImpl started.
2019-05-23 15:40:48:263ms INFO  GenericMemRepositoryImpl: ArticleRepositoryImpl stopped.
2019-05-23 15:40:48:263ms INFO  GenericMemRepositoryImpl: CustomerRepositoryImpl stopped.
2019-05-23 15:40:48:263ms INFO  GenericMemRepositoryImpl: ReservationRepositoryImpl stopped.
2019-05-23 15:50:42:409ms INFO  GenericMemRepositoryImpl: CustomerRepositoryImpl started.
2019-05-23 15:50:42:414ms INFO  GenericMemRepositoryImpl: ArticleRepositoryImpl started.
2019-05-23 15:50:42:414ms INFO  GenericMemRepositoryImpl: ReservationRepositoryImpl started.
2019-05-23 15:51:26:434ms INFO  GenericMemRepositoryImpl: ==> created(R.42MRHI)
2019-05-23 15:53:36:272ms INFO  GenericMemRepositoryImpl: ==> created(R.X761GU)
2019-05-23 15:54:06:694ms INFO  GenericMemRepositoryImpl: ArticleRepositoryImpl stopped.
2019-05-23 15:54:06:694ms INFO  GenericMemRepositoryImpl: CustomerRepositoryImpl stopped.
2019-05-23 15:54:06:694ms INFO  GenericMemRepositoryImpl: ReservationRepositoryImpl stopped.
2019-05-23 15:56:27:820 INFO  GenericMemRepositoryImpl: CustomerRepositoryImpl started.
2019-05-23 15:56:27:825 INFO  GenericMemRepositoryImpl: ArticleRepositoryImpl started.
2019-05-23 15:56:27:825 INFO  GenericMemRepositoryImpl: ReservationRepositoryImpl started.
2019-05-23 15:57:05:729 INFO  GenericMemRepositoryImpl: ==> updated(R.MHM4G2)
2019-05-23 15:58:14:285 INFO  GenericMemRepositoryImpl: ==> updated(R.MHM4G2)
2019-05-23 15:59:33:976 INFO  GenericMemRepositoryImpl: CustomerRepositoryImpl started.
2019-05-23 15:59:33:981 INFO  GenericMemRepositoryImpl: ArticleRepositoryImpl started.
2019-05-23 15:59:33:981 INFO  GenericMemRepositoryImpl: ReservationRepositoryImpl started.
2019-05-23 15:59:42:767 INFO  GenericMemRepositoryImpl: ==> updated(R.E6FYXH)
2019-05-23 16:00:19:754 INFO  GenericMemRepositoryImpl: ArticleRepositoryImpl stopped.
2019-05-23 16:00:19:754 INFO  GenericMemRepositoryImpl: CustomerRepositoryImpl stopped.
2019-05-23 16:00:19:754 INFO  GenericMemRepositoryImpl: ReservationRepositoryImpl stopped.
2019-05-23 16:00:29:477 INFO  GenericMemRepositoryImpl: CustomerRepositoryImpl started.
2019-05-23 16:00:29:483 INFO  GenericMemRepositoryImpl: ArticleRepositoryImpl started.
2019-05-23 16:00:29:484 INFO  GenericMemRepositoryImpl: ReservationRepositoryImpl started.
2019-05-23 16:00:38:146 INFO  GenericMemRepositoryImpl: ==> updated(R.ZFA04C)
2019-05-23 16:03:27:726 INFO  GenericMemRepositoryImpl: CustomerRepositoryImpl started.
2019-05-23 16:03:27:730 INFO  GenericMemRepositoryImpl: ArticleRepositoryImpl started.
2019-05-23 16:03:27:731 INFO  GenericMemRepositoryImpl: ReservationRepositoryImpl started.
2019-05-23 16:03:37:645 INFO  GenericMemRepositoryImpl: ==> updated(R.MFJOJ7)
2019-05-23 16:03:43:302 INFO  GenericMemRepositoryImpl: ==> updated(R.MFJOJ7)
2019-05-23 16:07:25:051 INFO  GenericMemRepositoryImpl: CustomerRepositoryImpl started.
2019-05-23 16:07:25:055 INFO  GenericMemRepositoryImpl: ArticleRepositoryImpl started.
2019-05-23 16:07:25:056 INFO  GenericMemRepositoryImpl: ReservationRepositoryImpl started.
2019-05-23 16:07:34:004 INFO  GenericMemRepositoryImpl: ==> updated(R.YORB6A)
2019-05-23 16:09:30:585 INFO  GenericMemRepositoryImpl: ==> updated(R.YORB6A)
2019-05-23 16:12:39:990 INFO  GenericMemRepositoryImpl: ==> updated(R.YORB6A)
2019-05-23 16:15:13:638 INFO  GenericMemRepositoryImpl: ==> updated(R.YORB6A)
2019-05-23 16:17:31:629 INFO  GenericMemRepositoryImpl: CustomerRepositoryImpl started.
2019-05-23 16:17:31:634 INFO  GenericMemRepositoryImpl: ArticleRepositoryImpl started.
2019-05-23 16:17:31:634 INFO  GenericMemRepositoryImpl: ReservationRepositoryImpl started.
2019-05-23 16:18:18:397 INFO  GenericMemRepositoryImpl: ==> updated(R.UU4PW5)
2019-05-23 16:19:29:341 INFO  GenericMemRepositoryImpl: CustomerRepositoryImpl started.
2019-05-23 16:19:29:345 INFO  GenericMemRepositoryImpl: ArticleRepositoryImpl started.
2019-05-23 16:19:29:346 INFO  GenericMemRepositoryImpl: ReservationRepositoryImpl started.
2019-05-23 16:20:02:070 INFO  GenericMemRepositoryImpl: ==> updated(R.6N620E)
2019-05-23 16:20:09:966 INFO  GenericMemRepositoryImpl: ==> updated(R.6N620E)
2019-05-23 16:46:03:314 INFO  GenericMemRepositoryImpl: CustomerRepositoryImpl started.
2019-05-23 16:46:03:318 INFO  GenericMemRepositoryImpl: ArticleRepositoryImpl started.
2019-05-23 16:46:03:319 INFO  GenericMemRepositoryImpl: ReservationRepositoryImpl started.
2019-05-23 17:35:43:116 INFO  GenericMemRepositoryImpl: CustomerRepositoryImpl started.
2019-05-23 17:35:43:123 INFO  GenericMemRepositoryImpl: ArticleRepositoryImpl started.
2019-05-23 17:35:43:124 INFO  GenericMemRepositoryImpl: ReservationRepositoryImpl started.
2019-05-23 17:36:24:053 INFO  GenericMemRepositoryImpl: ArticleRepositoryImpl stopped.
2019-05-23 17:36:24:053 INFO  GenericMemRepositoryImpl: CustomerRepositoryImpl stopped.
2019-05-23 17:36:24:053 INFO  GenericMemRepositoryImpl: ReservationRepositoryImpl stopped.
